#
# A fatal error has been detected by the Java Runtime Environment:
#
#  SIGSEGV (0xb) at pc=0x00007fd94c2b0b33, pid=17820, tid=0x00007fd94c994b80
#
# JRE version: Java(TM) SE Runtime Environment (8.0_271-b09) (build 1.8.0_271-b09)
# Java VM: Java HotSpot(TM) 64-Bit Server VM (25.271-b09 mixed mode linux-amd64 compressed oops)
# Problematic frame:
# V  [libjvm.so+0x913b33]  SR_handler(int, siginfo*, ucontext*)+0x33
#
# Failed to write core dump. Core dumps have been disabled. To enable core dumping, try "ulimit -c unlimited" before starting Java again
#
# If you would like to submit a bug report, please visit:
#   http://bugreport.java.com/bugreport/crash.jsp
#

---------------  T H R E A D  ---------------

Current thread is native thread

siginfo: si_signo: 11 (SIGSEGV), si_code: 1 (SEGV_MAPERR), si_addr: 0x0000000000000128

Registers:
RAX=0x0000000000000000, RBX=0x00000000000000ca, RCX=0x00007fd94cdb0cd7, RDX=0x00007fd94c994b80
RSP=0x00007ffde496ab40, RBP=0x00007ffde496abf0, RSI=0x00007ffde496ad30, RDI=0x0000000000000001
R8 =0x0000000000000000, R9 =0x00007fd94b84d700, R10=0x0000000000000000, R11=0x0000000000000246
R12=0x00007fd94c994b00, R13=0x0000000000000002, R14=0x00007ffde496ad30, R15=0x00007ffde496ac00
RIP=0x00007fd94c2b0b33, EFLAGS=0x0000000000010246, CSGSFS=0x002b000000000033, ERR=0x0000000000000004
  TRAPNO=0x000000000000000e

Top of Stack: (sp=0x00007ffde496ab40)
0x00007ffde496ab40:   0000000000000000 0000000000000000
0x00007ffde496ab50:   0000000000000000